<?xml version="1.0" encoding="UTF-8"?>
<robot generator="Robot 7.0 (Python 3.12.0 on win32)" generated="2024-04-03T10:07:38.957942" rpa="false" schemaversion="5">
<suite id="s1" name="Suites">
<suite id="s1-s1" name="POM test" source="C:\Users\vlab\PycharmProjects\Robot\Testcases\POM_test.robot">
<test id="s1-s1-t1" name="Login Test" line="14">
<kw name="Set Selenium Speed" owner="SeleniumLibrary">
<arg>0.5</arg>
<doc>Sets the delay that is waited after each Selenium command.</doc>
<status status="PASS" start="2024-04-03T10:07:40.345171" elapsed="0.000000"/>
</kw>
<kw name="Open_my_browser" owner="POM_keywords">
<kw name="Open Browser" owner="SeleniumLibrary">
<msg time="2024-04-03T10:07:40.347290" level="INFO">Opening browser 'chrome' to base url 'https://demo.guru99.com/test/newtours/'.</msg>
<arg>${url}</arg>
<arg>${browser}</arg>
<doc>Opens a new browser instance to the optional ``url``.</doc>
<status status="PASS" start="2024-04-03T10:07:40.346230" elapsed="38.245421"/>
</kw>
<kw name="Maximize Browser Window" owner="SeleniumLibrary">
<doc>Maximizes current browser window.</doc>
<status status="PASS" start="2024-04-03T10:08:18.591651" elapsed="0.735990"/>
</kw>
<arg>${siteURL}</arg>
<arg>${browser}</arg>
<status status="PASS" start="2024-04-03T10:07:40.346175" elapsed="38.981466"/>
</kw>
<kw name="Enter username" owner="POM_keywords">
<kw name="Input Text" owner="SeleniumLibrary">
<msg time="2024-04-03T10:08:19.331005" level="INFO">Typing text 'tutorial' into text field 'name:userName'.</msg>
<arg>${txt_loginuser}</arg>
<arg>${user}</arg>
<doc>Types the given ``text`` into the text field identified by ``locator``.</doc>
<status status="PASS" start="2024-04-03T10:08:19.329872" elapsed="4.076893"/>
</kw>
<arg>${user}</arg>
<status status="PASS" start="2024-04-03T10:08:19.328750" elapsed="4.078015"/>
</kw>
<kw name="Enter password" owner="POM_keywords">
<kw name="Input Text" owner="SeleniumLibrary">
<msg time="2024-04-03T10:08:23.408765" level="INFO">Typing text 'tutorial' into text field 'name:password'.</msg>
<arg>${txt_loginpassword}</arg>
<arg>${pswd}</arg>
<doc>Types the given ``text`` into the text field identified by ``locator``.</doc>
<status status="PASS" start="2024-04-03T10:08:23.407764" elapsed="1.902719"/>
</kw>
<arg>${pwd}</arg>
<status status="PASS" start="2024-04-03T10:08:23.406765" elapsed="1.903718"/>
</kw>
<kw name="Click SignIn" owner="POM_keywords">
<kw name="Click Button" owner="SeleniumLibrary">
<msg time="2024-04-03T10:08:25.312774" level="INFO">Clicking button 'xpath://input[@type='submit']'.</msg>
<arg>${loginbtn}</arg>
<doc>Clicks the button identified by ``locator``.</doc>
<status status="PASS" start="2024-04-03T10:08:25.311649" elapsed="8.054883"/>
</kw>
<status status="PASS" start="2024-04-03T10:08:25.310483" elapsed="8.056049"/>
</kw>
<kw name="Sleep" owner="BuiltIn">
<msg time="2024-04-03T10:08:36.368346" level="INFO">Slept 3 seconds.</msg>
<arg>3</arg>
<doc>Pauses the test executed for the given time.</doc>
<status status="PASS" start="2024-04-03T10:08:33.367641" elapsed="3.000705"/>
</kw>
<kw name="Successful login" owner="POM_keywords">
<kw name="Title Should Be" owner="SeleniumLibrary">
<msg time="2024-04-03T10:08:36.993701" level="INFO">Page title is 'Login: Mercury Tours'.</msg>
<arg>Login: Mercury Tours</arg>
<doc>Verifies that the current page title equals ``title``.</doc>
<status status="PASS" start="2024-04-03T10:08:36.370696" elapsed="0.623005"/>
</kw>
<status status="PASS" start="2024-04-03T10:08:36.369517" elapsed="0.624184"/>
</kw>
<kw name="Closing" owner="POM_keywords">
<kw name="Close All Browsers" owner="SeleniumLibrary">
<doc>Closes all open browsers and resets the browser cache.</doc>
<status status="PASS" start="2024-04-03T10:08:36.994762" elapsed="4.145992"/>
</kw>
<status status="PASS" start="2024-04-03T10:08:36.993701" elapsed="4.147053"/>
</kw>
<status status="PASS" start="2024-04-03T10:07:40.344119" elapsed="60.797671"/>
</test>
<status status="PASS" start="2024-04-03T10:07:39.078738" elapsed="62.066013"/>
</suite>
<status status="PASS" start="2024-04-03T10:07:39.026098" elapsed="62.122658"/>
</suite>
<statistics>
<total>
<stat pass="1" fail="0" skip="0">All Tests</stat>
</total>
<tag>
</tag>
<suite>
<stat pass="1" fail="0" skip="0" id="s1" name="Suites">Suites</stat>
<stat pass="1" fail="0" skip="0" id="s1-s1" name="POM test">Suites.POM test</stat>
</suite>
</statistics>
<errors>
</errors>
</robot>
